<?xml version="1.0" encoding="UTF-8"?>
<!-- Generated by org.testng.reporters.JUnitReportReporter -->
<testsuite hostname="DBSF219" failures="0" tests="1" name="test.CardTest" time="0.007" errors="0" timestamp="2022-09-04T13:47:23 AEST" skipped="0">
  <testcase classname="test.CardTest" name="CCTest" time="0.007"/>
  <system-out/>
</testsuite> <!-- test.CardTest -->
