<?xml version="1.0" encoding="UTF-8"?>
<!-- Generated by org.testng.reporters.JUnitReportReporter -->
<testsuite hostname="DBSF219" failures="0" tests="3" name="test.LoanTest" time="0.011" errors="0" timestamp="2022-09-04T15:53:52 AEST" skipped="0">
  <testcase classname="test.LoanTest" name="PersonalLoanTest1" time="0.002"/>
  <system-out/>
  <testcase classname="test.LoanTest" name="PersonalLoanTest" time="0.008"/>
  <system-out/>
  <testcase classname="test.LoanTest" name="HomeLoanTest" time="0.001"/>
  <system-out/>
</testsuite> <!-- test.LoanTest -->
